Analysis & Synthesis report for tomasulo
Wed Nov 01 11:31:44 2023
Quartus II 64-Bit Version 13.0.1 Build 232 06/12/2013 Service Pack 1 SJ Web Edition


---------------------
; Table of Contents ;
---------------------
  1. Legal Notice
  2. Analysis & Synthesis Summary
  3. Analysis & Synthesis Settings
  4. Parallel Compilation
  5. Analysis & Synthesis Source Files Read
  6. Analysis & Synthesis Resource Usage Summary
  7. Analysis & Synthesis Resource Utilization by Entity
  8. Analysis & Synthesis IP Cores Summary
  9. Registers Removed During Synthesis
 10. Removed Registers Triggering Further Register Optimizations
 11. General Register Statistics
 12. Source assignments for memoria:memDado|mem:mem1|altsyncram:altsyncram_component|altsyncram_u3f1:auto_generated
 13. Parameter Settings for User Entity Instance: memoria:memDado|mem:mem1|altsyncram:altsyncram_component
 14. altsyncram Parameter Settings by Entity Instance
 15. Port Connectivity Checks: "decodificadorComportamental:d7"
 16. Port Connectivity Checks: "decodificadorComportamental:d6"
 17. Port Connectivity Checks: "decodificadorComportamental:d5"
 18. Port Connectivity Checks: "decodificadorComportamental:d4"
 19. Port Connectivity Checks: "decodificadorComportamental:d3"
 20. Port Connectivity Checks: "decodificadorComportamental:d2"
 21. Port Connectivity Checks: "decodificadorComportamental:d1"
 22. Port Connectivity Checks: "decodificadorComportamental:d0"
 23. Port Connectivity Checks: "unidadeFuncional:UF_I"
 24. Port Connectivity Checks: "unidadeFuncional:UF_R"
 25. Elapsed Time Per Partition
 26. Analysis & Synthesis Messages
 27. Analysis & Synthesis Suppressed Messages



----------------
; Legal Notice ;
----------------
Copyright (C) 1991-2013 Altera Corporation
Your use of Altera Corporation's design tools, logic functions 
and other software and tools, and its AMPP partner logic 
functions, and any output files from any of the foregoing 
(including device programming or simulation files), and any 
associated documentation or information are expressly subject 
to the terms and conditions of the Altera Program License 
Subscription Agreement, Altera MegaCore Function License 
Agreement, or other applicable license agreement, including, 
without limitation, that your use is for the sole purpose of 
programming logic devices manufactured by Altera and sold by 
Altera or its authorized distributors.  Please refer to the 
applicable agreement for further details.



+--------------------------------------------------------------------------------------+
; Analysis & Synthesis Summary                                                         ;
+------------------------------------+-------------------------------------------------+
; Analysis & Synthesis Status        ; Successful - Wed Nov 01 11:31:44 2023           ;
; Quartus II 64-Bit Version          ; 13.0.1 Build 232 06/12/2013 SP 1 SJ Web Edition ;
; Revision Name                      ; tomasulo                                        ;
; Top-level Entity Name              ; tomasulo                                        ;
; Family                             ; Cyclone II                                      ;
; Total logic elements               ; 0                                               ;
;     Total combinational functions  ; 0                                               ;
;     Dedicated logic registers      ; 0                                               ;
; Total registers                    ; 0                                               ;
; Total pins                         ; 57                                              ;
; Total virtual pins                 ; 0                                               ;
; Total memory bits                  ; 0                                               ;
; Embedded Multiplier 9-bit elements ; 0                                               ;
; Total PLLs                         ; 0                                               ;
+------------------------------------+-------------------------------------------------+


+----------------------------------------------------------------------------------------------------------------------+
; Analysis & Synthesis Settings                                                                                        ;
+----------------------------------------------------------------------------+--------------------+--------------------+
; Option                                                                     ; Setting            ; Default Value      ;
+----------------------------------------------------------------------------+--------------------+--------------------+
; Device                                                                     ; EP2C35F672C6       ;                    ;
; Top-level entity name                                                      ; tomasulo           ; tomasulo           ;
; Family name                                                                ; Cyclone II         ; Cyclone IV GX      ;
; Use smart compilation                                                      ; Off                ; Off                ;
; Enable parallel Assembler and TimeQuest Timing Analyzer during compilation ; On                 ; On                 ;
; Enable compact report table                                                ; Off                ; Off                ;
; Restructure Multiplexers                                                   ; Auto               ; Auto               ;
; Create Debugging Nodes for IP Cores                                        ; Off                ; Off                ;
; Preserve fewer node names                                                  ; On                 ; On                 ;
; Disable OpenCore Plus hardware evaluation                                  ; Off                ; Off                ;
; Verilog Version                                                            ; Verilog_2001       ; Verilog_2001       ;
; VHDL Version                                                               ; VHDL_1993          ; VHDL_1993          ;
; State Machine Processing                                                   ; Auto               ; Auto               ;
; Safe State Machine                                                         ; Off                ; Off                ;
; Extract Verilog State Machines                                             ; On                 ; On                 ;
; Extract VHDL State Machines                                                ; On                 ; On                 ;
; Ignore Verilog initial constructs                                          ; Off                ; Off                ;
; Iteration limit for constant Verilog loops                                 ; 5000               ; 5000               ;
; Iteration limit for non-constant Verilog loops                             ; 250                ; 250                ;
; Add Pass-Through Logic to Inferred RAMs                                    ; On                 ; On                 ;
; Infer RAMs from Raw Logic                                                  ; On                 ; On                 ;
; Parallel Synthesis                                                         ; On                 ; On                 ;
; DSP Block Balancing                                                        ; Auto               ; Auto               ;
; NOT Gate Push-Back                                                         ; On                 ; On                 ;
; Power-Up Don't Care                                                        ; On                 ; On                 ;
; Remove Redundant Logic Cells                                               ; Off                ; Off                ;
; Remove Duplicate Registers                                                 ; On                 ; On                 ;
; Ignore CARRY Buffers                                                       ; Off                ; Off                ;
; Ignore CASCADE Buffers                                                     ; Off                ; Off                ;
; Ignore GLOBAL Buffers                                                      ; Off                ; Off                ;
; Ignore ROW GLOBAL Buffers                                                  ; Off                ; Off                ;
; Ignore LCELL Buffers                                                       ; Off                ; Off                ;
; Ignore SOFT Buffers                                                        ; On                 ; On                 ;
; Limit AHDL Integers to 32 Bits                                             ; Off                ; Off                ;
; Optimization Technique                                                     ; Balanced           ; Balanced           ;
; Carry Chain Length                                                         ; 70                 ; 70                 ;
; Auto Carry Chains                                                          ; On                 ; On                 ;
; Auto Open-Drain Pins                                                       ; On                 ; On                 ;
; Perform WYSIWYG Primitive Resynthesis                                      ; Off                ; Off                ;
; Auto ROM Replacement                                                       ; On                 ; On                 ;
; Auto RAM Replacement                                                       ; On                 ; On                 ;
; Auto Shift Register Replacement                                            ; Auto               ; Auto               ;
; Allow Shift Register Merging across Hierarchies                            ; Auto               ; Auto               ;
; Auto Clock Enable Replacement                                              ; On                 ; On                 ;
; Strict RAM Replacement                                                     ; Off                ; Off                ;
; Allow Synchronous Control Signals                                          ; On                 ; On                 ;
; Force Use of Synchronous Clear Signals                                     ; Off                ; Off                ;
; Auto RAM to Logic Cell Conversion                                          ; Off                ; Off                ;
; Auto Resource Sharing                                                      ; Off                ; Off                ;
; Allow Any RAM Size For Recognition                                         ; Off                ; Off                ;
; Allow Any ROM Size For Recognition                                         ; Off                ; Off                ;
; Allow Any Shift Register Size For Recognition                              ; Off                ; Off                ;
; Use LogicLock Constraints during Resource Balancing                        ; On                 ; On                 ;
; Ignore translate_off and synthesis_off directives                          ; Off                ; Off                ;
; Timing-Driven Synthesis                                                    ; Off                ; Off                ;
; Report Parameter Settings                                                  ; On                 ; On                 ;
; Report Source Assignments                                                  ; On                 ; On                 ;
; Report Connectivity Checks                                                 ; On                 ; On                 ;
; Ignore Maximum Fan-Out Assignments                                         ; Off                ; Off                ;
; Synchronization Register Chain Length                                      ; 2                  ; 2                  ;
; PowerPlay Power Optimization                                               ; Normal compilation ; Normal compilation ;
; HDL message level                                                          ; Level2             ; Level2             ;
; Suppress Register Optimization Related Messages                            ; Off                ; Off                ;
; Number of Removed Registers Reported in Synthesis Report                   ; 5000               ; 5000               ;
; Number of Swept Nodes Reported in Synthesis Report                         ; 5000               ; 5000               ;
; Number of Inverted Registers Reported in Synthesis Report                  ; 100                ; 100                ;
; Clock MUX Protection                                                       ; On                 ; On                 ;
; Auto Gated Clock Conversion                                                ; Off                ; Off                ;
; Block Design Naming                                                        ; Auto               ; Auto               ;
; SDC constraint protection                                                  ; Off                ; Off                ;
; Synthesis Effort                                                           ; Auto               ; Auto               ;
; Shift Register Replacement - Allow Asynchronous Clear Signal               ; On                 ; On                 ;
; Pre-Mapping Resynthesis Optimization                                       ; Off                ; Off                ;
; Analysis & Synthesis Message Level                                         ; Medium             ; Medium             ;
; Disable Register Merging Across Hierarchies                                ; Auto               ; Auto               ;
; Resource Aware Inference For Block RAM                                     ; On                 ; On                 ;
; Synthesis Seed                                                             ; 1                  ; 1                  ;
+----------------------------------------------------------------------------+--------------------+--------------------+


Parallel compilation was disabled, but you have multiple processors available. Enable parallel compilation to reduce compilation time.
+-------------------------------------+
; Parallel Compilation                ;
+----------------------------+--------+
; Processors                 ; Number ;
+----------------------------+--------+
; Number detected on machine ; 12     ;
; Maximum allowed            ; 1      ;
+----------------------------+--------+


+---------------------------------------------------------------------------------------------------------------------------------------------------------------------------+
; Analysis & Synthesis Source Files Read                                                                                                                                    ;
+----------------------------------+-----------------+----------------------------------+-------------------------------------------------------------------------+---------+
; File Name with User-Entered Path ; Used in Netlist ; File Type                        ; File Name with Absolute Path                                            ; Library ;
+----------------------------------+-----------------+----------------------------------+-------------------------------------------------------------------------+---------+
; bancoReg.v                       ; yes             ; User Verilog HDL File            ; D:/Faculdade/LAOC II/pratica3/tomasulo/bancoReg.v                       ;         ;
; tomasulo.v                       ; yes             ; User Verilog HDL File            ; D:/Faculdade/LAOC II/pratica3/tomasulo/tomasulo.v                       ;         ;
; filaInstrucoes.v                 ; yes             ; User Verilog HDL File            ; D:/Faculdade/LAOC II/pratica3/tomasulo/filaInstrucoes.v                 ;         ;
; estacaoReserva.v                 ; yes             ; User Verilog HDL File            ; D:/Faculdade/LAOC II/pratica3/tomasulo/estacaoReserva.v                 ;         ;
; mem.v                            ; yes             ; User Wizard-Generated File       ; D:/Faculdade/LAOC II/pratica3/tomasulo/mem.v                            ;         ;
; memoria.v                        ; yes             ; User Verilog HDL File            ; D:/Faculdade/LAOC II/pratica3/tomasulo/memoria.v                        ;         ;
; CDBArbiter.v                     ; yes             ; User Verilog HDL File            ; D:/Faculdade/LAOC II/pratica3/tomasulo/CDBArbiter.v                     ;         ;
; unidadeFuncional.v               ; yes             ; User Verilog HDL File            ; D:/Faculdade/LAOC II/pratica3/tomasulo/unidadeFuncional.v               ;         ;
; mem_dados.mif                    ; yes             ; User Memory Initialization File  ; D:/Faculdade/LAOC II/pratica3/tomasulo/mem_dados.mif                    ;         ;
; decodificadorComportamental.v    ; yes             ; User Verilog HDL File            ; D:/Faculdade/LAOC II/pratica3/tomasulo/decodificadorComportamental.v    ;         ;
; altsyncram.tdf                   ; yes             ; Megafunction                     ; c:/altera/13.0sp1/quartus/libraries/megafunctions/altsyncram.tdf        ;         ;
; stratix_ram_block.inc            ; yes             ; Megafunction                     ; c:/altera/13.0sp1/quartus/libraries/megafunctions/stratix_ram_block.inc ;         ;
; lpm_mux.inc                      ; yes             ; Megafunction                     ; c:/altera/13.0sp1/quartus/libraries/megafunctions/lpm_mux.inc           ;         ;
; lpm_decode.inc                   ; yes             ; Megafunction                     ; c:/altera/13.0sp1/quartus/libraries/megafunctions/lpm_decode.inc        ;         ;
; aglobal130.inc                   ; yes             ; Megafunction                     ; c:/altera/13.0sp1/quartus/libraries/megafunctions/aglobal130.inc        ;         ;
; a_rdenreg.inc                    ; yes             ; Megafunction                     ; c:/altera/13.0sp1/quartus/libraries/megafunctions/a_rdenreg.inc         ;         ;
; altrom.inc                       ; yes             ; Megafunction                     ; c:/altera/13.0sp1/quartus/libraries/megafunctions/altrom.inc            ;         ;
; altram.inc                       ; yes             ; Megafunction                     ; c:/altera/13.0sp1/quartus/libraries/megafunctions/altram.inc            ;         ;
; altdpram.inc                     ; yes             ; Megafunction                     ; c:/altera/13.0sp1/quartus/libraries/megafunctions/altdpram.inc          ;         ;
; db/altsyncram_u3f1.tdf           ; yes             ; Auto-Generated Megafunction      ; D:/Faculdade/LAOC II/pratica3/tomasulo/db/altsyncram_u3f1.tdf           ;         ;
+----------------------------------+-----------------+----------------------------------+-------------------------------------------------------------------------+---------+


+-----------------------------------------------------+
; Analysis & Synthesis Resource Usage Summary         ;
+---------------------------------------------+-------+
; Resource                                    ; Usage ;
+---------------------------------------------+-------+
;                                             ;       ;
; Total combinational functions               ; 0     ;
; Logic element usage by number of LUT inputs ;       ;
;     -- 4 input functions                    ; 0     ;
;     -- 3 input functions                    ; 0     ;
;     -- <=2 input functions                  ; 0     ;
;                                             ;       ;
; Logic elements by mode                      ;       ;
;     -- normal mode                          ; 0     ;
;     -- arithmetic mode                      ; 0     ;
;                                             ;       ;
; Total registers                             ; 0     ;
;     -- Dedicated logic registers            ; 0     ;
;     -- I/O registers                        ; 0     ;
;                                             ;       ;
; I/O pins                                    ; 57    ;
; Embedded Multiplier 9-bit elements          ; 0     ;
+---------------------------------------------+-------+


+-----------------------------------------------------------------------------------------------------------------------------------------------------------------------------+
; Analysis & Synthesis Resource Utilization by Entity                                                                                                                         ;
+----------------------------+-------------------+--------------+-------------+--------------+---------+-----------+------+--------------+---------------------+--------------+
; Compilation Hierarchy Node ; LC Combinationals ; LC Registers ; Memory Bits ; DSP Elements ; DSP 9x9 ; DSP 18x18 ; Pins ; Virtual Pins ; Full Hierarchy Name ; Library Name ;
+----------------------------+-------------------+--------------+-------------+--------------+---------+-----------+------+--------------+---------------------+--------------+
; |tomasulo                  ; 0 (0)             ; 0 (0)        ; 0           ; 0            ; 0       ; 0         ; 57   ; 0            ; |tomasulo           ; work         ;
+----------------------------+-------------------+--------------+-------------+--------------+---------+-----------+------+--------------+---------------------+--------------+
Note: For table entries with two numbers listed, the numbers in parentheses indicate the number of resources of the given type used by the specific entity alone. The numbers listed outside of parentheses indicate the total resources of the given type used by the specific entity and all of its sub-entities in the hierarchy.


+---------------------------------------------------------------------------------------------------------------------------------------------------+
; Analysis & Synthesis IP Cores Summary                                                                                                             ;
+--------+--------------+---------+--------------+--------------+------------------------------------+----------------------------------------------+
; Vendor ; IP Core Name ; Version ; Release Date ; License Type ; Entity Instance                    ; IP Include File                              ;
+--------+--------------+---------+--------------+--------------+------------------------------------+----------------------------------------------+
; Altera ; RAM: 1-PORT  ; 13.0    ; N/A          ; N/A          ; |tomasulo|memoria:memDado|mem:mem1 ; D:/Faculdade/LAOC II/pratica3/tomasulo/mem.v ;
+--------+--------------+---------+--------------+--------------+------------------------------------+----------------------------------------------+


+--------------------------------------------------------------------------------------+
; Registers Removed During Synthesis                                                   ;
+-----------------------------------------+--------------------------------------------+
; Register name                           ; Reason for Removal                         ;
+-----------------------------------------+--------------------------------------------+
; estacaoReserva:SR|cont_R[0..2]          ; Stuck at GND due to stuck port data_in     ;
; estacaoReserva:SR|cont_I[0..2]          ; Stuck at GND due to stuck port data_in     ;
; filaInstrucoes:FI|instrucao_out[14,15]  ; Stuck at GND due to stuck port data_in     ;
; unidadeFuncional:UF_R|Qi_out[0..3]      ; Stuck at GND due to stuck port data_in     ;
; unidadeFuncional:UF_R|dest_out[0..2]    ; Stuck at GND due to stuck port data_in     ;
; unidadeFuncional:UF_R|Vi[0..15]         ; Stuck at GND due to stuck port data_in     ;
; CDBArbiter:CDB|data[7][2]               ; Merged with CDBArbiter:CDB|dest[7][0]      ;
; CDBArbiter:CDB|dest[7][1]               ; Merged with CDBArbiter:CDB|dest[7][0]      ;
; CDBArbiter:CDB|data[7][0]               ; Merged with CDBArbiter:CDB|dest[7][0]      ;
; CDBArbiter:CDB|data[7][11]              ; Merged with CDBArbiter:CDB|dest[7][0]      ;
; CDBArbiter:CDB|dest[7][2]               ; Merged with CDBArbiter:CDB|dest[7][0]      ;
; CDBArbiter:CDB|data[7][8]               ; Merged with CDBArbiter:CDB|dest[7][0]      ;
; CDBArbiter:CDB|data[7][9]               ; Merged with CDBArbiter:CDB|dest[7][0]      ;
; CDBArbiter:CDB|data[7][15]              ; Merged with CDBArbiter:CDB|dest[7][0]      ;
; CDBArbiter:CDB|data[7][12]              ; Merged with CDBArbiter:CDB|dest[7][0]      ;
; CDBArbiter:CDB|data[7][3]               ; Merged with CDBArbiter:CDB|dest[7][0]      ;
; CDBArbiter:CDB|data[7][1]               ; Merged with CDBArbiter:CDB|dest[7][0]      ;
; CDBArbiter:CDB|data[7][7]               ; Merged with CDBArbiter:CDB|dest[7][0]      ;
; CDBArbiter:CDB|data[7][6]               ; Merged with CDBArbiter:CDB|dest[7][0]      ;
; CDBArbiter:CDB|data[7][10]              ; Merged with CDBArbiter:CDB|dest[7][0]      ;
; CDBArbiter:CDB|data[7][5]               ; Merged with CDBArbiter:CDB|dest[7][0]      ;
; CDBArbiter:CDB|data[7][14]              ; Merged with CDBArbiter:CDB|dest[7][0]      ;
; CDBArbiter:CDB|data[7][13]              ; Merged with CDBArbiter:CDB|dest[7][0]      ;
; CDBArbiter:CDB|data[7][4]               ; Merged with CDBArbiter:CDB|dest[7][0]      ;
; estacaoReserva:SR|opcode[9][1]          ; Merged with estacaoReserva:SR|enc_UF[9]    ;
; estacaoReserva:SR|opcode[9][0]          ; Merged with estacaoReserva:SR|enc_UF[9]    ;
; estacaoReserva:SR|opcode[8][1]          ; Merged with estacaoReserva:SR|enc_UF[8]    ;
; estacaoReserva:SR|opcode[8][0]          ; Merged with estacaoReserva:SR|enc_UF[8]    ;
; estacaoReserva:SR|opcode[7][1]          ; Merged with estacaoReserva:SR|enc_UF[7]    ;
; estacaoReserva:SR|opcode[7][0]          ; Merged with estacaoReserva:SR|enc_UF[7]    ;
; estacaoReserva:SR|opcode[6][1]          ; Merged with estacaoReserva:SR|enc_UF[6]    ;
; estacaoReserva:SR|opcode[6][0]          ; Merged with estacaoReserva:SR|enc_UF[6]    ;
; estacaoReserva:SR|opcode[5][1]          ; Merged with estacaoReserva:SR|enc_UF[5]    ;
; estacaoReserva:SR|opcode[5][0]          ; Merged with estacaoReserva:SR|enc_UF[5]    ;
; estacaoReserva:SR|opcode[4][0]          ; Merged with estacaoReserva:SR|enc_UF[4]    ;
; estacaoReserva:SR|opcode[4][1]          ; Merged with estacaoReserva:SR|enc_UF[4]    ;
; estacaoReserva:SR|opcode[3][1]          ; Merged with estacaoReserva:SR|enc_UF[3]    ;
; estacaoReserva:SR|opcode[3][0]          ; Merged with estacaoReserva:SR|enc_UF[3]    ;
; estacaoReserva:SR|opcode[2][0]          ; Merged with estacaoReserva:SR|enc_UF[2]    ;
; estacaoReserva:SR|opcode[2][1]          ; Merged with estacaoReserva:SR|enc_UF[2]    ;
; estacaoReserva:SR|opcode[1][1]          ; Merged with estacaoReserva:SR|enc_UF[1]    ;
; estacaoReserva:SR|opcode[1][0]          ; Merged with estacaoReserva:SR|enc_UF[1]    ;
; estacaoReserva:SR|opcode[0][0]          ; Merged with estacaoReserva:SR|opcode[0][1] ;
; CDBArbiter:CDB|data[6][10]              ; Merged with CDBArbiter:CDB|dest[6][0]      ;
; CDBArbiter:CDB|data[6][12]              ; Merged with CDBArbiter:CDB|dest[6][0]      ;
; CDBArbiter:CDB|data[6][14]              ; Merged with CDBArbiter:CDB|dest[6][0]      ;
; CDBArbiter:CDB|dest[6][1]               ; Merged with CDBArbiter:CDB|dest[6][0]      ;
; CDBArbiter:CDB|dest[6][2]               ; Merged with CDBArbiter:CDB|dest[6][0]      ;
; CDBArbiter:CDB|data[6][9]               ; Merged with CDBArbiter:CDB|dest[6][0]      ;
; CDBArbiter:CDB|data[6][11]              ; Merged with CDBArbiter:CDB|dest[6][0]      ;
; CDBArbiter:CDB|data[6][13]              ; Merged with CDBArbiter:CDB|dest[6][0]      ;
; CDBArbiter:CDB|data[6][15]              ; Merged with CDBArbiter:CDB|dest[6][0]      ;
; CDBArbiter:CDB|data[6][1]               ; Merged with CDBArbiter:CDB|data[6][0]      ;
; CDBArbiter:CDB|data[6][2]               ; Merged with CDBArbiter:CDB|data[6][0]      ;
; CDBArbiter:CDB|data[6][3]               ; Merged with CDBArbiter:CDB|data[6][0]      ;
; CDBArbiter:CDB|data[6][4]               ; Merged with CDBArbiter:CDB|data[6][0]      ;
; CDBArbiter:CDB|data[6][5]               ; Merged with CDBArbiter:CDB|data[6][0]      ;
; CDBArbiter:CDB|data[6][6]               ; Merged with CDBArbiter:CDB|data[6][0]      ;
; CDBArbiter:CDB|data[6][7]               ; Merged with CDBArbiter:CDB|data[6][0]      ;
; CDBArbiter:CDB|data[6][8]               ; Merged with CDBArbiter:CDB|data[6][0]      ;
; CDBArbiter:CDB|dest[5][1]               ; Merged with CDBArbiter:CDB|dest[5][0]      ;
; CDBArbiter:CDB|dest[5][2]               ; Merged with CDBArbiter:CDB|dest[5][0]      ;
; CDBArbiter:CDB|data[5][9]               ; Merged with CDBArbiter:CDB|dest[5][0]      ;
; CDBArbiter:CDB|data[5][10]              ; Merged with CDBArbiter:CDB|dest[5][0]      ;
; CDBArbiter:CDB|data[5][11]              ; Merged with CDBArbiter:CDB|dest[5][0]      ;
; CDBArbiter:CDB|data[5][12]              ; Merged with CDBArbiter:CDB|dest[5][0]      ;
; CDBArbiter:CDB|data[5][13]              ; Merged with CDBArbiter:CDB|dest[5][0]      ;
; CDBArbiter:CDB|data[5][14]              ; Merged with CDBArbiter:CDB|dest[5][0]      ;
; CDBArbiter:CDB|data[5][15]              ; Merged with CDBArbiter:CDB|dest[5][0]      ;
; CDBArbiter:CDB|data[6][0]               ; Merged with CDBArbiter:CDB|dest[6][0]      ;
; CDBArbiter:CDB|data[5][1]               ; Merged with CDBArbiter:CDB|data[5][0]      ;
; CDBArbiter:CDB|data[5][2]               ; Merged with CDBArbiter:CDB|data[5][0]      ;
; CDBArbiter:CDB|data[5][3]               ; Merged with CDBArbiter:CDB|data[5][0]      ;
; CDBArbiter:CDB|data[5][4]               ; Merged with CDBArbiter:CDB|data[5][0]      ;
; CDBArbiter:CDB|data[5][5]               ; Merged with CDBArbiter:CDB|data[5][0]      ;
; CDBArbiter:CDB|data[5][6]               ; Merged with CDBArbiter:CDB|data[5][0]      ;
; CDBArbiter:CDB|data[5][7]               ; Merged with CDBArbiter:CDB|data[5][0]      ;
; CDBArbiter:CDB|data[5][8]               ; Merged with CDBArbiter:CDB|data[5][0]      ;
; CDBArbiter:CDB|data[4][9]               ; Merged with CDBArbiter:CDB|dest[4][0]      ;
; CDBArbiter:CDB|data[4][10]              ; Merged with CDBArbiter:CDB|dest[4][0]      ;
; CDBArbiter:CDB|data[4][11]              ; Merged with CDBArbiter:CDB|dest[4][0]      ;
; CDBArbiter:CDB|data[4][12]              ; Merged with CDBArbiter:CDB|dest[4][0]      ;
; CDBArbiter:CDB|data[4][13]              ; Merged with CDBArbiter:CDB|dest[4][0]      ;
; CDBArbiter:CDB|data[4][14]              ; Merged with CDBArbiter:CDB|dest[4][0]      ;
; CDBArbiter:CDB|data[4][15]              ; Merged with CDBArbiter:CDB|dest[4][0]      ;
; CDBArbiter:CDB|dest[4][1]               ; Merged with CDBArbiter:CDB|dest[4][0]      ;
; CDBArbiter:CDB|dest[4][2]               ; Merged with CDBArbiter:CDB|dest[4][0]      ;
; CDBArbiter:CDB|data[5][0]               ; Merged with CDBArbiter:CDB|dest[5][0]      ;
; CDBArbiter:CDB|data[4][1]               ; Merged with CDBArbiter:CDB|data[4][0]      ;
; CDBArbiter:CDB|data[4][2]               ; Merged with CDBArbiter:CDB|data[4][0]      ;
; CDBArbiter:CDB|data[4][3]               ; Merged with CDBArbiter:CDB|data[4][0]      ;
; CDBArbiter:CDB|data[4][4]               ; Merged with CDBArbiter:CDB|data[4][0]      ;
; CDBArbiter:CDB|data[4][5]               ; Merged with CDBArbiter:CDB|data[4][0]      ;
; CDBArbiter:CDB|data[4][6]               ; Merged with CDBArbiter:CDB|data[4][0]      ;
; CDBArbiter:CDB|data[4][7]               ; Merged with CDBArbiter:CDB|data[4][0]      ;
; CDBArbiter:CDB|data[4][8]               ; Merged with CDBArbiter:CDB|data[4][0]      ;
; CDBArbiter:CDB|data[3][9]               ; Merged with CDBArbiter:CDB|dest[3][0]      ;
; CDBArbiter:CDB|data[3][10]              ; Merged with CDBArbiter:CDB|dest[3][0]      ;
; CDBArbiter:CDB|data[3][11]              ; Merged with CDBArbiter:CDB|dest[3][0]      ;
; CDBArbiter:CDB|data[3][12]              ; Merged with CDBArbiter:CDB|dest[3][0]      ;
; CDBArbiter:CDB|data[3][13]              ; Merged with CDBArbiter:CDB|dest[3][0]      ;
; CDBArbiter:CDB|data[3][14]              ; Merged with CDBArbiter:CDB|dest[3][0]      ;
; CDBArbiter:CDB|data[3][15]              ; Merged with CDBArbiter:CDB|dest[3][0]      ;
; CDBArbiter:CDB|dest[3][1]               ; Merged with CDBArbiter:CDB|dest[3][0]      ;
; CDBArbiter:CDB|dest[3][2]               ; Merged with CDBArbiter:CDB|dest[3][0]      ;
; CDBArbiter:CDB|data[4][0]               ; Merged with CDBArbiter:CDB|dest[4][0]      ;
; CDBArbiter:CDB|data[3][1]               ; Merged with CDBArbiter:CDB|data[3][0]      ;
; CDBArbiter:CDB|data[3][2]               ; Merged with CDBArbiter:CDB|data[3][0]      ;
; CDBArbiter:CDB|data[3][3]               ; Merged with CDBArbiter:CDB|data[3][0]      ;
; CDBArbiter:CDB|data[3][4]               ; Merged with CDBArbiter:CDB|data[3][0]      ;
; CDBArbiter:CDB|data[3][5]               ; Merged with CDBArbiter:CDB|data[3][0]      ;
; CDBArbiter:CDB|data[3][6]               ; Merged with CDBArbiter:CDB|data[3][0]      ;
; CDBArbiter:CDB|data[3][7]               ; Merged with CDBArbiter:CDB|data[3][0]      ;
; CDBArbiter:CDB|data[3][8]               ; Merged with CDBArbiter:CDB|data[3][0]      ;
; CDBArbiter:CDB|dest[2][1]               ; Merged with CDBArbiter:CDB|dest[2][0]      ;
; CDBArbiter:CDB|dest[2][2]               ; Merged with CDBArbiter:CDB|dest[2][0]      ;
; CDBArbiter:CDB|data[2][9]               ; Merged with CDBArbiter:CDB|dest[2][0]      ;
; CDBArbiter:CDB|data[2][10]              ; Merged with CDBArbiter:CDB|dest[2][0]      ;
; CDBArbiter:CDB|data[2][11]              ; Merged with CDBArbiter:CDB|dest[2][0]      ;
; CDBArbiter:CDB|data[2][12]              ; Merged with CDBArbiter:CDB|dest[2][0]      ;
; CDBArbiter:CDB|data[2][13]              ; Merged with CDBArbiter:CDB|dest[2][0]      ;
; CDBArbiter:CDB|data[2][14]              ; Merged with CDBArbiter:CDB|dest[2][0]      ;
; CDBArbiter:CDB|data[2][15]              ; Merged with CDBArbiter:CDB|dest[2][0]      ;
; CDBArbiter:CDB|data[3][0]               ; Merged with CDBArbiter:CDB|dest[3][0]      ;
; CDBArbiter:CDB|data[2][1]               ; Merged with CDBArbiter:CDB|data[2][0]      ;
; CDBArbiter:CDB|data[2][2]               ; Merged with CDBArbiter:CDB|data[2][0]      ;
; CDBArbiter:CDB|data[2][3]               ; Merged with CDBArbiter:CDB|data[2][0]      ;
; CDBArbiter:CDB|data[2][4]               ; Merged with CDBArbiter:CDB|data[2][0]      ;
; CDBArbiter:CDB|data[2][5]               ; Merged with CDBArbiter:CDB|data[2][0]      ;
; CDBArbiter:CDB|data[2][6]               ; Merged with CDBArbiter:CDB|data[2][0]      ;
; CDBArbiter:CDB|data[2][7]               ; Merged with CDBArbiter:CDB|data[2][0]      ;
; CDBArbiter:CDB|data[2][8]               ; Merged with CDBArbiter:CDB|data[2][0]      ;
; CDBArbiter:CDB|data[1][9]               ; Merged with CDBArbiter:CDB|dest[1][0]      ;
; CDBArbiter:CDB|data[1][10]              ; Merged with CDBArbiter:CDB|dest[1][0]      ;
; CDBArbiter:CDB|data[1][11]              ; Merged with CDBArbiter:CDB|dest[1][0]      ;
; CDBArbiter:CDB|data[1][12]              ; Merged with CDBArbiter:CDB|dest[1][0]      ;
; CDBArbiter:CDB|data[1][13]              ; Merged with CDBArbiter:CDB|dest[1][0]      ;
; CDBArbiter:CDB|data[1][14]              ; Merged with CDBArbiter:CDB|dest[1][0]      ;
; CDBArbiter:CDB|data[1][15]              ; Merged with CDBArbiter:CDB|dest[1][0]      ;
; CDBArbiter:CDB|dest[1][1]               ; Merged with CDBArbiter:CDB|dest[1][0]      ;
; CDBArbiter:CDB|dest[1][2]               ; Merged with CDBArbiter:CDB|dest[1][0]      ;
; CDBArbiter:CDB|data[2][0]               ; Merged with CDBArbiter:CDB|dest[2][0]      ;
; CDBArbiter:CDB|data[1][3]               ; Merged with CDBArbiter:CDB|data[1][0]      ;
; CDBArbiter:CDB|data[1][4]               ; Merged with CDBArbiter:CDB|data[1][0]      ;
; CDBArbiter:CDB|data[1][5]               ; Merged with CDBArbiter:CDB|data[1][0]      ;
; CDBArbiter:CDB|data[1][6]               ; Merged with CDBArbiter:CDB|data[1][0]      ;
; CDBArbiter:CDB|data[1][7]               ; Merged with CDBArbiter:CDB|data[1][0]      ;
; CDBArbiter:CDB|data[1][8]               ; Merged with CDBArbiter:CDB|data[1][0]      ;
; CDBArbiter:CDB|data[1][1]               ; Merged with CDBArbiter:CDB|data[1][0]      ;
; CDBArbiter:CDB|data[1][2]               ; Merged with CDBArbiter:CDB|data[1][0]      ;
; CDBArbiter:CDB|data[0][9]               ; Merged with CDBArbiter:CDB|dest[0][0]      ;
; CDBArbiter:CDB|data[0][10]              ; Merged with CDBArbiter:CDB|dest[0][0]      ;
; CDBArbiter:CDB|data[0][11]              ; Merged with CDBArbiter:CDB|dest[0][0]      ;
; CDBArbiter:CDB|dest[0][1]               ; Merged with CDBArbiter:CDB|dest[0][0]      ;
; CDBArbiter:CDB|data[0][12]              ; Merged with CDBArbiter:CDB|dest[0][0]      ;
; CDBArbiter:CDB|data[0][13]              ; Merged with CDBArbiter:CDB|dest[0][0]      ;
; CDBArbiter:CDB|data[0][14]              ; Merged with CDBArbiter:CDB|dest[0][0]      ;
; CDBArbiter:CDB|data[0][15]              ; Merged with CDBArbiter:CDB|dest[0][0]      ;
; CDBArbiter:CDB|dest[0][2]               ; Merged with CDBArbiter:CDB|dest[0][0]      ;
; CDBArbiter:CDB|data[1][0]               ; Merged with CDBArbiter:CDB|dest[1][0]      ;
; CDBArbiter:CDB|data[0][5]               ; Merged with CDBArbiter:CDB|data[0][0]      ;
; CDBArbiter:CDB|data[0][6]               ; Merged with CDBArbiter:CDB|data[0][0]      ;
; CDBArbiter:CDB|data[0][7]               ; Merged with CDBArbiter:CDB|data[0][0]      ;
; CDBArbiter:CDB|data[0][8]               ; Merged with CDBArbiter:CDB|data[0][0]      ;
; CDBArbiter:CDB|data[0][1]               ; Merged with CDBArbiter:CDB|data[0][0]      ;
; CDBArbiter:CDB|data[0][2]               ; Merged with CDBArbiter:CDB|data[0][0]      ;
; CDBArbiter:CDB|data[0][3]               ; Merged with CDBArbiter:CDB|data[0][0]      ;
; CDBArbiter:CDB|data[0][4]               ; Merged with CDBArbiter:CDB|data[0][0]      ;
; CDBArbiter:CDB|data[0][0]               ; Merged with CDBArbiter:CDB|dest[0][0]      ;
; CDBArbiter:CDB|dest_out[1,2]            ; Merged with CDBArbiter:CDB|dest_out[0]     ;
; CDBArbiter:CDB|out[0..15]               ; Merged with CDBArbiter:CDB|dest_out[0]     ;
; bancoReg:BR|BR[1][10]                   ; Merged with bancoReg:BR|BR[1][0]           ;
; bancoReg:BR|BR[1][11]                   ; Merged with bancoReg:BR|BR[1][0]           ;
; bancoReg:BR|BR[1][12]                   ; Merged with bancoReg:BR|BR[1][0]           ;
; bancoReg:BR|BR[1][13]                   ; Merged with bancoReg:BR|BR[1][0]           ;
; bancoReg:BR|BR[1][14]                   ; Merged with bancoReg:BR|BR[1][0]           ;
; bancoReg:BR|BR[1][15]                   ; Merged with bancoReg:BR|BR[1][0]           ;
; bancoReg:BR|BR[1][1]                    ; Merged with bancoReg:BR|BR[1][0]           ;
; bancoReg:BR|BR[1][2]                    ; Merged with bancoReg:BR|BR[1][0]           ;
; bancoReg:BR|BR[1][3]                    ; Merged with bancoReg:BR|BR[1][0]           ;
; bancoReg:BR|BR[1][4]                    ; Merged with bancoReg:BR|BR[1][0]           ;
; bancoReg:BR|BR[1][5]                    ; Merged with bancoReg:BR|BR[1][0]           ;
; bancoReg:BR|BR[1][6]                    ; Merged with bancoReg:BR|BR[1][0]           ;
; bancoReg:BR|BR[1][7]                    ; Merged with bancoReg:BR|BR[1][0]           ;
; bancoReg:BR|BR[1][8]                    ; Merged with bancoReg:BR|BR[1][0]           ;
; bancoReg:BR|BR[1][9]                    ; Merged with bancoReg:BR|BR[1][0]           ;
; bancoReg:BR|BR[0][10]                   ; Merged with bancoReg:BR|BR[0][0]           ;
; bancoReg:BR|BR[0][11]                   ; Merged with bancoReg:BR|BR[0][0]           ;
; bancoReg:BR|BR[0][12]                   ; Merged with bancoReg:BR|BR[0][0]           ;
; bancoReg:BR|BR[0][13]                   ; Merged with bancoReg:BR|BR[0][0]           ;
; bancoReg:BR|BR[0][14]                   ; Merged with bancoReg:BR|BR[0][0]           ;
; bancoReg:BR|BR[0][15]                   ; Merged with bancoReg:BR|BR[0][0]           ;
; bancoReg:BR|BR[0][1]                    ; Merged with bancoReg:BR|BR[0][0]           ;
; bancoReg:BR|BR[0][2]                    ; Merged with bancoReg:BR|BR[0][0]           ;
; bancoReg:BR|BR[0][3]                    ; Merged with bancoReg:BR|BR[0][0]           ;
; bancoReg:BR|BR[0][4]                    ; Merged with bancoReg:BR|BR[0][0]           ;
; bancoReg:BR|BR[0][5]                    ; Merged with bancoReg:BR|BR[0][0]           ;
; bancoReg:BR|BR[0][6]                    ; Merged with bancoReg:BR|BR[0][0]           ;
; bancoReg:BR|BR[0][7]                    ; Merged with bancoReg:BR|BR[0][0]           ;
; bancoReg:BR|BR[0][8]                    ; Merged with bancoReg:BR|BR[0][0]           ;
; bancoReg:BR|BR[0][9]                    ; Merged with bancoReg:BR|BR[0][0]           ;
; bancoReg:BR|BR[2][10]                   ; Merged with bancoReg:BR|BR[2][0]           ;
; bancoReg:BR|BR[2][11]                   ; Merged with bancoReg:BR|BR[2][0]           ;
; bancoReg:BR|BR[2][12]                   ; Merged with bancoReg:BR|BR[2][0]           ;
; bancoReg:BR|BR[2][13]                   ; Merged with bancoReg:BR|BR[2][0]           ;
; bancoReg:BR|BR[2][14]                   ; Merged with bancoReg:BR|BR[2][0]           ;
; bancoReg:BR|BR[2][15]                   ; Merged with bancoReg:BR|BR[2][0]           ;
; bancoReg:BR|BR[2][1]                    ; Merged with bancoReg:BR|BR[2][0]           ;
; bancoReg:BR|BR[2][2]                    ; Merged with bancoReg:BR|BR[2][0]           ;
; bancoReg:BR|BR[2][3]                    ; Merged with bancoReg:BR|BR[2][0]           ;
; bancoReg:BR|BR[2][4]                    ; Merged with bancoReg:BR|BR[2][0]           ;
; bancoReg:BR|BR[2][5]                    ; Merged with bancoReg:BR|BR[2][0]           ;
; bancoReg:BR|BR[2][6]                    ; Merged with bancoReg:BR|BR[2][0]           ;
; bancoReg:BR|BR[2][7]                    ; Merged with bancoReg:BR|BR[2][0]           ;
; bancoReg:BR|BR[2][8]                    ; Merged with bancoReg:BR|BR[2][0]           ;
; bancoReg:BR|BR[2][9]                    ; Merged with bancoReg:BR|BR[2][0]           ;
; bancoReg:BR|BR[3][10]                   ; Merged with bancoReg:BR|BR[3][0]           ;
; bancoReg:BR|BR[3][11]                   ; Merged with bancoReg:BR|BR[3][0]           ;
; bancoReg:BR|BR[3][12]                   ; Merged with bancoReg:BR|BR[3][0]           ;
; bancoReg:BR|BR[3][13]                   ; Merged with bancoReg:BR|BR[3][0]           ;
; bancoReg:BR|BR[3][14]                   ; Merged with bancoReg:BR|BR[3][0]           ;
; bancoReg:BR|BR[3][15]                   ; Merged with bancoReg:BR|BR[3][0]           ;
; bancoReg:BR|BR[3][1]                    ; Merged with bancoReg:BR|BR[3][0]           ;
; bancoReg:BR|BR[3][2]                    ; Merged with bancoReg:BR|BR[3][0]           ;
; bancoReg:BR|BR[3][3]                    ; Merged with bancoReg:BR|BR[3][0]           ;
; bancoReg:BR|BR[3][4]                    ; Merged with bancoReg:BR|BR[3][0]           ;
; bancoReg:BR|BR[3][5]                    ; Merged with bancoReg:BR|BR[3][0]           ;
; bancoReg:BR|BR[3][6]                    ; Merged with bancoReg:BR|BR[3][0]           ;
; bancoReg:BR|BR[3][7]                    ; Merged with bancoReg:BR|BR[3][0]           ;
; bancoReg:BR|BR[3][8]                    ; Merged with bancoReg:BR|BR[3][0]           ;
; bancoReg:BR|BR[3][9]                    ; Merged with bancoReg:BR|BR[3][0]           ;
; bancoReg:BR|BR[4][10]                   ; Merged with bancoReg:BR|BR[4][0]           ;
; bancoReg:BR|BR[4][11]                   ; Merged with bancoReg:BR|BR[4][0]           ;
; bancoReg:BR|BR[4][12]                   ; Merged with bancoReg:BR|BR[4][0]           ;
; bancoReg:BR|BR[4][13]                   ; Merged with bancoReg:BR|BR[4][0]           ;
; bancoReg:BR|BR[4][14]                   ; Merged with bancoReg:BR|BR[4][0]           ;
; bancoReg:BR|BR[4][15]                   ; Merged with bancoReg:BR|BR[4][0]           ;
; bancoReg:BR|BR[4][1]                    ; Merged with bancoReg:BR|BR[4][0]           ;
; bancoReg:BR|BR[4][2]                    ; Merged with bancoReg:BR|BR[4][0]           ;
; bancoReg:BR|BR[4][3]                    ; Merged with bancoReg:BR|BR[4][0]           ;
; bancoReg:BR|BR[4][4]                    ; Merged with bancoReg:BR|BR[4][0]           ;
; bancoReg:BR|BR[4][5]                    ; Merged with bancoReg:BR|BR[4][0]           ;
; bancoReg:BR|BR[4][6]                    ; Merged with bancoReg:BR|BR[4][0]           ;
; bancoReg:BR|BR[4][7]                    ; Merged with bancoReg:BR|BR[4][0]           ;
; bancoReg:BR|BR[4][8]                    ; Merged with bancoReg:BR|BR[4][0]           ;
; bancoReg:BR|BR[4][9]                    ; Merged with bancoReg:BR|BR[4][0]           ;
; bancoReg:BR|BR[5][10]                   ; Merged with bancoReg:BR|BR[5][0]           ;
; bancoReg:BR|BR[5][11]                   ; Merged with bancoReg:BR|BR[5][0]           ;
; bancoReg:BR|BR[5][12]                   ; Merged with bancoReg:BR|BR[5][0]           ;
; bancoReg:BR|BR[5][13]                   ; Merged with bancoReg:BR|BR[5][0]           ;
; bancoReg:BR|BR[5][14]                   ; Merged with bancoReg:BR|BR[5][0]           ;
; bancoReg:BR|BR[5][15]                   ; Merged with bancoReg:BR|BR[5][0]           ;
; bancoReg:BR|BR[5][1]                    ; Merged with bancoReg:BR|BR[5][0]           ;
; bancoReg:BR|BR[5][2]                    ; Merged with bancoReg:BR|BR[5][0]           ;
; bancoReg:BR|BR[5][3]                    ; Merged with bancoReg:BR|BR[5][0]           ;
; bancoReg:BR|BR[5][4]                    ; Merged with bancoReg:BR|BR[5][0]           ;
; bancoReg:BR|BR[5][5]                    ; Merged with bancoReg:BR|BR[5][0]           ;
; bancoReg:BR|BR[5][6]                    ; Merged with bancoReg:BR|BR[5][0]           ;
; bancoReg:BR|BR[5][7]                    ; Merged with bancoReg:BR|BR[5][0]           ;
; bancoReg:BR|BR[5][8]                    ; Merged with bancoReg:BR|BR[5][0]           ;
; bancoReg:BR|BR[5][9]                    ; Merged with bancoReg:BR|BR[5][0]           ;
; bancoReg:BR|BR[6][10]                   ; Merged with bancoReg:BR|BR[6][0]           ;
; bancoReg:BR|BR[6][11]                   ; Merged with bancoReg:BR|BR[6][0]           ;
; bancoReg:BR|BR[6][12]                   ; Merged with bancoReg:BR|BR[6][0]           ;
; bancoReg:BR|BR[6][13]                   ; Merged with bancoReg:BR|BR[6][0]           ;
; bancoReg:BR|BR[6][14]                   ; Merged with bancoReg:BR|BR[6][0]           ;
; bancoReg:BR|BR[6][15]                   ; Merged with bancoReg:BR|BR[6][0]           ;
; bancoReg:BR|BR[6][1]                    ; Merged with bancoReg:BR|BR[6][0]           ;
; bancoReg:BR|BR[6][2]                    ; Merged with bancoReg:BR|BR[6][0]           ;
; bancoReg:BR|BR[6][3]                    ; Merged with bancoReg:BR|BR[6][0]           ;
; bancoReg:BR|BR[6][4]                    ; Merged with bancoReg:BR|BR[6][0]           ;
; bancoReg:BR|BR[6][5]                    ; Merged with bancoReg:BR|BR[6][0]           ;
; bancoReg:BR|BR[6][6]                    ; Merged with bancoReg:BR|BR[6][0]           ;
; bancoReg:BR|BR[6][7]                    ; Merged with bancoReg:BR|BR[6][0]           ;
; bancoReg:BR|BR[6][8]                    ; Merged with bancoReg:BR|BR[6][0]           ;
; bancoReg:BR|BR[6][9]                    ; Merged with bancoReg:BR|BR[6][0]           ;
; bancoReg:BR|BR[7][10]                   ; Merged with bancoReg:BR|BR[7][0]           ;
; bancoReg:BR|BR[7][11]                   ; Merged with bancoReg:BR|BR[7][0]           ;
; bancoReg:BR|BR[7][12]                   ; Merged with bancoReg:BR|BR[7][0]           ;
; bancoReg:BR|BR[7][13]                   ; Merged with bancoReg:BR|BR[7][0]           ;
; bancoReg:BR|BR[7][14]                   ; Merged with bancoReg:BR|BR[7][0]           ;
; bancoReg:BR|BR[7][15]                   ; Merged with bancoReg:BR|BR[7][0]           ;
; bancoReg:BR|BR[7][1]                    ; Merged with bancoReg:BR|BR[7][0]           ;
; bancoReg:BR|BR[7][2]                    ; Merged with bancoReg:BR|BR[7][0]           ;
; bancoReg:BR|BR[7][3]                    ; Merged with bancoReg:BR|BR[7][0]           ;
; bancoReg:BR|BR[7][4]                    ; Merged with bancoReg:BR|BR[7][0]           ;
; bancoReg:BR|BR[7][5]                    ; Merged with bancoReg:BR|BR[7][0]           ;
; bancoReg:BR|BR[7][6]                    ; Merged with bancoReg:BR|BR[7][0]           ;
; bancoReg:BR|BR[7][7]                    ; Merged with bancoReg:BR|BR[7][0]           ;
; bancoReg:BR|BR[7][8]                    ; Merged with bancoReg:BR|BR[7][0]           ;
; bancoReg:BR|BR[7][9]                    ; Merged with bancoReg:BR|BR[7][0]           ;
; CDBArbiter:CDB|dest[7][0]               ; Stuck at GND due to stuck port data_in     ;
; estacaoReserva:SR|enc_UF[3..9]          ; Stuck at GND due to stuck port data_in     ;
; CDBArbiter:CDB|dest[6][0]               ; Stuck at GND due to stuck port data_in     ;
; estacaoReserva:SR|enc_UF[0..2]          ; Stuck at GND due to stuck port data_in     ;
; estacaoReserva:SR|opcode[0][1]          ; Stuck at GND due to stuck port data_in     ;
; CDBArbiter:CDB|dest[5][0]               ; Stuck at GND due to stuck port data_in     ;
; CDBArbiter:CDB|dest[4][0]               ; Stuck at GND due to stuck port data_in     ;
; CDBArbiter:CDB|dest[3][0]               ; Stuck at GND due to stuck port data_in     ;
; CDBArbiter:CDB|dest[2][0]               ; Stuck at GND due to stuck port data_in     ;
; CDBArbiter:CDB|dest[1][0]               ; Stuck at GND due to stuck port data_in     ;
; CDBArbiter:CDB|dest[0][0]               ; Stuck at GND due to stuck port data_in     ;
; CDBArbiter:CDB|dest_out[0]              ; Stuck at GND due to stuck port data_in     ;
; bancoReg:BR|BR[1][0]                    ; Stuck at GND due to stuck port data_in     ;
; bancoReg:BR|BR[0][0]                    ; Stuck at GND due to stuck port data_in     ;
; bancoReg:BR|BR[2][0]                    ; Stuck at GND due to stuck port data_in     ;
; bancoReg:BR|BR[3][0]                    ; Stuck at GND due to stuck port data_in     ;
; bancoReg:BR|BR[4][0]                    ; Stuck at GND due to stuck port data_in     ;
; bancoReg:BR|BR[5][0]                    ; Stuck at GND due to stuck port data_in     ;
; bancoReg:BR|BR[6][0]                    ; Stuck at GND due to stuck port data_in     ;
; bancoReg:BR|BR[7][0]                    ; Stuck at GND due to stuck port data_in     ;
; estacaoReserva:SR|SR_I_cheia            ; Stuck at GND due to stuck port data_in     ;
; Total Number of Removed Registers = 361 ;                                            ;
+-----------------------------------------+--------------------------------------------+


+---------------------------------------------------------------------------------------------------------------------------------------------------------+
; Removed Registers Triggering Further Register Optimizations                                                                                             ;
+-----------------------------------+---------------------------+-----------------------------------------------------------------------------------------+
; Register name                     ; Reason for Removal        ; Registers Removed due to This Register                                                  ;
+-----------------------------------+---------------------------+-----------------------------------------------------------------------------------------+
; unidadeFuncional:UF_R|dest_out[0] ; Stuck at GND              ; CDBArbiter:CDB|dest[7][0], CDBArbiter:CDB|dest[6][0], CDBArbiter:CDB|dest[5][0],        ;
;                                   ; due to stuck port data_in ; CDBArbiter:CDB|dest[4][0], CDBArbiter:CDB|dest[3][0], CDBArbiter:CDB|dest[2][0],        ;
;                                   ;                           ; CDBArbiter:CDB|dest[1][0], CDBArbiter:CDB|dest_out[0], bancoReg:BR|BR[1][0],            ;
;                                   ;                           ; bancoReg:BR|BR[0][0], bancoReg:BR|BR[2][0], bancoReg:BR|BR[3][0], bancoReg:BR|BR[4][0], ;
;                                   ;                           ; bancoReg:BR|BR[5][0], bancoReg:BR|BR[6][0], bancoReg:BR|BR[7][0]                        ;
; estacaoReserva:SR|enc_UF[9]       ; Stuck at GND              ; estacaoReserva:SR|SR_I_cheia                                                            ;
;                                   ; due to stuck port data_in ;                                                                                         ;
+-----------------------------------+---------------------------+-----------------------------------------------------------------------------------------+


+------------------------------------------------------+
; General Register Statistics                          ;
+----------------------------------------------+-------+
; Statistic                                    ; Value ;
+----------------------------------------------+-------+
; Total registers                              ; 0     ;
; Number of registers using Synchronous Clear  ; 0     ;
; Number of registers using Synchronous Load   ; 0     ;
; Number of registers using Asynchronous Clear ; 0     ;
; Number of registers using Asynchronous Load  ; 0     ;
; Number of registers using Clock Enable       ; 0     ;
; Number of registers using Preset             ; 0     ;
+----------------------------------------------+-------+


+----------------------------------------------------------------------------------------------------------------+
; Source assignments for memoria:memDado|mem:mem1|altsyncram:altsyncram_component|altsyncram_u3f1:auto_generated ;
+---------------------------------+--------------------+------+--------------------------------------------------+
; Assignment                      ; Value              ; From ; To                                               ;
+---------------------------------+--------------------+------+--------------------------------------------------+
; OPTIMIZE_POWER_DURING_SYNTHESIS ; NORMAL_COMPILATION ; -    ; -                                                ;
+---------------------------------+--------------------+------+--------------------------------------------------+


+-------------------------------------------------------------------------------------------------------+
; Parameter Settings for User Entity Instance: memoria:memDado|mem:mem1|altsyncram:altsyncram_component ;
+------------------------------------+----------------------+-------------------------------------------+
; Parameter Name                     ; Value                ; Type                                      ;
+------------------------------------+----------------------+-------------------------------------------+
; BYTE_SIZE_BLOCK                    ; 8                    ; Untyped                                   ;
; AUTO_CARRY_CHAINS                  ; ON                   ; AUTO_CARRY                                ;
; IGNORE_CARRY_BUFFERS               ; OFF                  ; IGNORE_CARRY                              ;
; AUTO_CASCADE_CHAINS                ; ON                   ; AUTO_CASCADE                              ;
; IGNORE_CASCADE_BUFFERS             ; OFF                  ; IGNORE_CASCADE                            ;
; WIDTH_BYTEENA                      ; 1                    ; Untyped                                   ;
; OPERATION_MODE                     ; SINGLE_PORT          ; Untyped                                   ;
; WIDTH_A                            ; 16                   ; Signed Integer                            ;
; WIDTHAD_A                          ; 8                    ; Signed Integer                            ;
; NUMWORDS_A                         ; 256                  ; Signed Integer                            ;
; OUTDATA_REG_A                      ; UNREGISTERED         ; Untyped                                   ;
; ADDRESS_ACLR_A                     ; NONE                 ; Untyped                                   ;
; OUTDATA_ACLR_A                     ; NONE                 ; Untyped                                   ;
; WRCONTROL_ACLR_A                   ; NONE                 ; Untyped                                   ;
; INDATA_ACLR_A                      ; NONE                 ; Untyped                                   ;
; BYTEENA_ACLR_A                     ; NONE                 ; Untyped                                   ;
; WIDTH_B                            ; 1                    ; Untyped                                   ;
; WIDTHAD_B                          ; 1                    ; Untyped                                   ;
; NUMWORDS_B                         ; 1                    ; Untyped                                   ;
; INDATA_REG_B                       ; CLOCK1               ; Untyped                                   ;
; WRCONTROL_WRADDRESS_REG_B          ; CLOCK1               ; Untyped                                   ;
; RDCONTROL_REG_B                    ; CLOCK1               ; Untyped                                   ;
; ADDRESS_REG_B                      ; CLOCK1               ; Untyped                                   ;
; OUTDATA_REG_B                      ; UNREGISTERED         ; Untyped                                   ;
; BYTEENA_REG_B                      ; CLOCK1               ; Untyped                                   ;
; INDATA_ACLR_B                      ; NONE                 ; Untyped                                   ;
; WRCONTROL_ACLR_B                   ; NONE                 ; Untyped                                   ;
; ADDRESS_ACLR_B                     ; NONE                 ; Untyped                                   ;
; OUTDATA_ACLR_B                     ; NONE                 ; Untyped                                   ;
; RDCONTROL_ACLR_B                   ; NONE                 ; Untyped                                   ;
; BYTEENA_ACLR_B                     ; NONE                 ; Untyped                                   ;
; WIDTH_BYTEENA_A                    ; 1                    ; Signed Integer                            ;
; WIDTH_BYTEENA_B                    ; 1                    ; Untyped                                   ;
; RAM_BLOCK_TYPE                     ; M4K                  ; Untyped                                   ;
; BYTE_SIZE                          ; 8                    ; Untyped                                   ;
; READ_DURING_WRITE_MODE_MIXED_PORTS ; DONT_CARE            ; Untyped                                   ;
; READ_DURING_WRITE_MODE_PORT_A      ; NEW_DATA_NO_NBE_READ ; Untyped                                   ;
; READ_DURING_WRITE_MODE_PORT_B      ; NEW_DATA_NO_NBE_READ ; Untyped                                   ;
; INIT_FILE                          ; mem_dados.mif        ; Untyped                                   ;
; INIT_FILE_LAYOUT                   ; PORT_A               ; Untyped                                   ;
; MAXIMUM_DEPTH                      ; 0                    ; Untyped                                   ;
; CLOCK_ENABLE_INPUT_A               ; BYPASS               ; Untyped                                   ;
; CLOCK_ENABLE_INPUT_B               ; NORMAL               ; Untyped                                   ;
; CLOCK_ENABLE_OUTPUT_A              ; BYPASS               ; Untyped                                   ;
; CLOCK_ENABLE_OUTPUT_B              ; NORMAL               ; Untyped                                   ;
; CLOCK_ENABLE_CORE_A                ; USE_INPUT_CLKEN      ; Untyped                                   ;
; CLOCK_ENABLE_CORE_B                ; USE_INPUT_CLKEN      ; Untyped                                   ;
; ENABLE_ECC                         ; FALSE                ; Untyped                                   ;
; ECC_PIPELINE_STAGE_ENABLED         ; FALSE                ; Untyped                                   ;
; WIDTH_ECCSTATUS                    ; 3                    ; Untyped                                   ;
; DEVICE_FAMILY                      ; Cyclone II           ; Untyped                                   ;
; CBXI_PARAMETER                     ; altsyncram_u3f1      ; Untyped                                   ;
+------------------------------------+----------------------+-------------------------------------------+
Note: In order to hide this table in the UI and the text report file, please set the "Show Parameter Settings in Synthesis Report" option in "Analysis and Synthesis Settings -> More Settings" to "Off".


+------------------------------------------------------------------------------------------------------+
; altsyncram Parameter Settings by Entity Instance                                                     ;
+-------------------------------------------+----------------------------------------------------------+
; Name                                      ; Value                                                    ;
+-------------------------------------------+----------------------------------------------------------+
; Number of entity instances                ; 1                                                        ;
; Entity Instance                           ; memoria:memDado|mem:mem1|altsyncram:altsyncram_component ;
;     -- OPERATION_MODE                     ; SINGLE_PORT                                              ;
;     -- WIDTH_A                            ; 16                                                       ;
;     -- NUMWORDS_A                         ; 256                                                      ;
;     -- OUTDATA_REG_A                      ; UNREGISTERED                                             ;
;     -- WIDTH_B                            ; 1                                                        ;
;     -- NUMWORDS_B                         ; 1                                                        ;
;     -- ADDRESS_REG_B                      ; CLOCK1                                                   ;
;     -- OUTDATA_REG_B                      ; UNREGISTERED                                             ;
;     -- RAM_BLOCK_TYPE                     ; M4K                                                      ;
;     -- READ_DURING_WRITE_MODE_MIXED_PORTS ; DONT_CARE                                                ;
+-------------------------------------------+----------------------------------------------------------+


+--------------------------------------------------------------------------------------------------------------------------------------------------------------------------------------------------------------+
; Port Connectivity Checks: "decodificadorComportamental:d7"                                                                                                                                                   ;
+------+-------+----------+------------------------------------------------------------------------------------------------------------------------------------------------------------------------------------+
; Port ; Type  ; Severity ; Details                                                                                                                                                                            ;
+------+-------+----------+------------------------------------------------------------------------------------------------------------------------------------------------------------------------------------+
; SW   ; Input ; Warning  ; Input port expression (32 bits) is wider than the input port (4 bits) it drives.  The 28 most-significant bit(s) in the expression will be dangling if they have no other fanouts. ;
+------+-------+----------+------------------------------------------------------------------------------------------------------------------------------------------------------------------------------------+


+--------------------------------------------------------------------------------------------------------------------------------------------------------------------------------------------------------------+
; Port Connectivity Checks: "decodificadorComportamental:d6"                                                                                                                                                   ;
+------+-------+----------+------------------------------------------------------------------------------------------------------------------------------------------------------------------------------------+
; Port ; Type  ; Severity ; Details                                                                                                                                                                            ;
+------+-------+----------+------------------------------------------------------------------------------------------------------------------------------------------------------------------------------------+
; SW   ; Input ; Warning  ; Input port expression (32 bits) is wider than the input port (4 bits) it drives.  The 28 most-significant bit(s) in the expression will be dangling if they have no other fanouts. ;
+------+-------+----------+------------------------------------------------------------------------------------------------------------------------------------------------------------------------------------+


+--------------------------------------------------------------------------------------------------------------------------------------------------------------------------------------------------------------+
; Port Connectivity Checks: "decodificadorComportamental:d5"                                                                                                                                                   ;
+------+-------+----------+------------------------------------------------------------------------------------------------------------------------------------------------------------------------------------+
; Port ; Type  ; Severity ; Details                                                                                                                                                                            ;
+------+-------+----------+------------------------------------------------------------------------------------------------------------------------------------------------------------------------------------+
; SW   ; Input ; Warning  ; Input port expression (32 bits) is wider than the input port (4 bits) it drives.  The 28 most-significant bit(s) in the expression will be dangling if they have no other fanouts. ;
+------+-------+----------+------------------------------------------------------------------------------------------------------------------------------------------------------------------------------------+


+--------------------------------------------------------------------------------------------------------------------------------------------------------------------------------------------------------------+
; Port Connectivity Checks: "decodificadorComportamental:d4"                                                                                                                                                   ;
+------+-------+----------+------------------------------------------------------------------------------------------------------------------------------------------------------------------------------------+
; Port ; Type  ; Severity ; Details                                                                                                                                                                            ;
+------+-------+----------+------------------------------------------------------------------------------------------------------------------------------------------------------------------------------------+
; SW   ; Input ; Warning  ; Input port expression (32 bits) is wider than the input port (4 bits) it drives.  The 28 most-significant bit(s) in the expression will be dangling if they have no other fanouts. ;
+------+-------+----------+------------------------------------------------------------------------------------------------------------------------------------------------------------------------------------+


+--------------------------------------------------------------------------------------------------------------------------------------------------------------------------------------------------------------+
; Port Connectivity Checks: "decodificadorComportamental:d3"                                                                                                                                                   ;
+------+-------+----------+------------------------------------------------------------------------------------------------------------------------------------------------------------------------------------+
; Port ; Type  ; Severity ; Details                                                                                                                                                                            ;
+------+-------+----------+------------------------------------------------------------------------------------------------------------------------------------------------------------------------------------+
; SW   ; Input ; Warning  ; Input port expression (32 bits) is wider than the input port (4 bits) it drives.  The 28 most-significant bit(s) in the expression will be dangling if they have no other fanouts. ;
+------+-------+----------+------------------------------------------------------------------------------------------------------------------------------------------------------------------------------------+


+--------------------------------------------------------------------------------------------------------------------------------------------------------------------------------------------------------------+
; Port Connectivity Checks: "decodificadorComportamental:d2"                                                                                                                                                   ;
+------+-------+----------+------------------------------------------------------------------------------------------------------------------------------------------------------------------------------------+
; Port ; Type  ; Severity ; Details                                                                                                                                                                            ;
+------+-------+----------+------------------------------------------------------------------------------------------------------------------------------------------------------------------------------------+
; SW   ; Input ; Warning  ; Input port expression (32 bits) is wider than the input port (4 bits) it drives.  The 28 most-significant bit(s) in the expression will be dangling if they have no other fanouts. ;
+------+-------+----------+------------------------------------------------------------------------------------------------------------------------------------------------------------------------------------+


+--------------------------------------------------------------------------------------------------------------------------------------------------------------------------------------------------------------+
; Port Connectivity Checks: "decodificadorComportamental:d1"                                                                                                                                                   ;
+------+-------+----------+------------------------------------------------------------------------------------------------------------------------------------------------------------------------------------+
; Port ; Type  ; Severity ; Details                                                                                                                                                                            ;
+------+-------+----------+------------------------------------------------------------------------------------------------------------------------------------------------------------------------------------+
; SW   ; Input ; Warning  ; Input port expression (32 bits) is wider than the input port (4 bits) it drives.  The 28 most-significant bit(s) in the expression will be dangling if they have no other fanouts. ;
+------+-------+----------+------------------------------------------------------------------------------------------------------------------------------------------------------------------------------------+


+--------------------------------------------------------------------------------------------------------------------------------------------------------------------------------------------------------------+
; Port Connectivity Checks: "decodificadorComportamental:d0"                                                                                                                                                   ;
+------+-------+----------+------------------------------------------------------------------------------------------------------------------------------------------------------------------------------------+
; Port ; Type  ; Severity ; Details                                                                                                                                                                            ;
+------+-------+----------+------------------------------------------------------------------------------------------------------------------------------------------------------------------------------------+
; SW   ; Input ; Warning  ; Input port expression (32 bits) is wider than the input port (4 bits) it drives.  The 28 most-significant bit(s) in the expression will be dangling if they have no other fanouts. ;
+------+-------+----------+------------------------------------------------------------------------------------------------------------------------------------------------------------------------------------+


+--------------------------------------------------------------------------------------------------------------------+
; Port Connectivity Checks: "unidadeFuncional:UF_I"                                                                  ;
+----------+--------+----------+-------------------------------------------------------------------------------------+
; Port     ; Type   ; Severity ; Details                                                                             ;
+----------+--------+----------+-------------------------------------------------------------------------------------+
; UF_atoa  ; Output ; Info     ; Connected to dangling logic. Logic that only feeds a dangling port will be removed. ;
; dest_out ; Output ; Info     ; Connected to dangling logic. Logic that only feeds a dangling port will be removed. ;
+----------+--------+----------+-------------------------------------------------------------------------------------+


+-------------------------------------------------------------------------------------------------------------------+
; Port Connectivity Checks: "unidadeFuncional:UF_R"                                                                 ;
+---------+--------+----------+-------------------------------------------------------------------------------------+
; Port    ; Type   ; Severity ; Details                                                                             ;
+---------+--------+----------+-------------------------------------------------------------------------------------+
; UF_atoa ; Output ; Info     ; Connected to dangling logic. Logic that only feeds a dangling port will be removed. ;
+---------+--------+----------+-------------------------------------------------------------------------------------+


+-------------------------------+
; Elapsed Time Per Partition    ;
+----------------+--------------+
; Partition Name ; Elapsed Time ;
+----------------+--------------+
; Top            ; 00:00:00     ;
+----------------+--------------+


+-------------------------------+
; Analysis & Synthesis Messages ;
+-------------------------------+
Info: *******************************************************************
Info: Running Quartus II 64-Bit Analysis & Synthesis
    Info: Version 13.0.1 Build 232 06/12/2013 Service Pack 1 SJ Web Edition
    Info: Processing started: Wed Nov 01 11:31:43 2023
Info: Command: quartus_map --read_settings_files=on --write_settings_files=off tomasulo -c tomasulo
Warning (20028): Parallel compilation is not licensed and has been disabled
Info (12021): Found 1 design units, including 1 entities, in source file bancoreg.v
    Info (12023): Found entity 1: bancoReg
Info (12021): Found 1 design units, including 1 entities, in source file tomasulo.v
    Info (12023): Found entity 1: tomasulo
Info (12021): Found 1 design units, including 1 entities, in source file filainstrucoes.v
    Info (12023): Found entity 1: filaInstrucoes
Info (12021): Found 1 design units, including 1 entities, in source file estacaoreserva.v
    Info (12023): Found entity 1: estacaoReserva
Info (12021): Found 1 design units, including 1 entities, in source file mem.v
    Info (12023): Found entity 1: mem
Info (12021): Found 1 design units, including 1 entities, in source file memoria.v
    Info (12023): Found entity 1: memoria
Info (12021): Found 1 design units, including 1 entities, in source file cdbarbiter.v
    Info (12023): Found entity 1: CDBArbiter
Info (12021): Found 1 design units, including 1 entities, in source file unidadefuncional.v
    Info (12023): Found entity 1: unidadeFuncional
Info (12021): Found 1 design units, including 1 entities, in source file decodificadorcomportamental.v
    Info (12023): Found entity 1: decodificadorComportamental
Warning (10037): Verilog HDL or VHDL warning at estacaoReserva.v(183): conditional expression evaluates to a constant
Warning (10037): Verilog HDL or VHDL warning at estacaoReserva.v(210): conditional expression evaluates to a constant
Info (12127): Elaborating entity "tomasulo" for the top level hierarchy
Info (12128): Elaborating entity "filaInstrucoes" for hierarchy "filaInstrucoes:FI"
Warning (10855): Verilog HDL warning at filaInstrucoes.v(19): initial value for variable instrucoes should be constant
Warning (10230): Verilog HDL assignment warning at filaInstrucoes.v(55): truncated value with size 32 to match size of target (6)
Warning (10230): Verilog HDL assignment warning at filaInstrucoes.v(59): truncated value with size 32 to match size of target (6)
Warning (10030): Net "instrucoes" at filaInstrucoes.v(16) has no driver or initial value, using a default initial value '0'
Info (12128): Elaborating entity "bancoReg" for hierarchy "bancoReg:BR"
Info (12128): Elaborating entity "estacaoReserva" for hierarchy "estacaoReserva:SR"
Warning (10230): Verilog HDL assignment warning at estacaoReserva.v(31): truncated value with size 32 to match size of target (4)
Warning (10230): Verilog HDL assignment warning at estacaoReserva.v(49): truncated value with size 32 to match size of target (3)
Warning (10230): Verilog HDL assignment warning at estacaoReserva.v(51): truncated value with size 32 to match size of target (3)
Warning (10230): Verilog HDL assignment warning at estacaoReserva.v(76): truncated value with size 32 to match size of target (4)
Warning (10230): Verilog HDL assignment warning at estacaoReserva.v(99): truncated value with size 32 to match size of target (4)
Warning (10230): Verilog HDL assignment warning at estacaoReserva.v(103): truncated value with size 32 to match size of target (4)
Warning (10230): Verilog HDL assignment warning at estacaoReserva.v(149): truncated value with size 16 to match size of target (8)
Warning (10034): Output port "opcode_mem" at estacaoReserva.v(5) has no driver
Warning (10034): Output port "opcode_I" at estacaoReserva.v(5) has no driver
Warning (10034): Output port "opcode_R" at estacaoReserva.v(5) has no driver
Warning (10034): Output port "Vj_R_out" at estacaoReserva.v(6) has no driver
Warning (10034): Output port "Vk_R_out" at estacaoReserva.v(6) has no driver
Warning (10034): Output port "dest_R_out" at estacaoReserva.v(6) has no driver
Warning (10034): Output port "Qi_R_out" at estacaoReserva.v(6) has no driver
Warning (10034): Output port "Vj_I_out" at estacaoReserva.v(7) has no driver
Warning (10034): Output port "Vk_I_out" at estacaoReserva.v(7) has no driver
Warning (10034): Output port "dest_I_out" at estacaoReserva.v(7) has no driver
Warning (10034): Output port "Qi_I_out" at estacaoReserva.v(7) has no driver
Warning (10034): Output port "A_out" at estacaoReserva.v(8) has no driver
Warning (10034): Output port "data_out" at estacaoReserva.v(8) has no driver
Warning (10034): Output port "dest_mem_out" at estacaoReserva.v(8) has no driver
Warning (10034): Output port "Qi_mem_out" at estacaoReserva.v(8) has no driver
Info (12128): Elaborating entity "unidadeFuncional" for hierarchy "unidadeFuncional:UF_R"
Warning (10230): Verilog HDL assignment warning at unidadeFuncional.v(26): truncated value with size 32 to match size of target (2)
Info (12128): Elaborating entity "memoria" for hierarchy "memoria:memDado"
Info (12128): Elaborating entity "mem" for hierarchy "memoria:memDado|mem:mem1"
Info (12128): Elaborating entity "altsyncram" for hierarchy "memoria:memDado|mem:mem1|altsyncram:altsyncram_component"
Info (12130): Elaborated megafunction instantiation "memoria:memDado|mem:mem1|altsyncram:altsyncram_component"
Info (12133): Instantiated megafunction "memoria:memDado|mem:mem1|altsyncram:altsyncram_component" with the following parameter:
    Info (12134): Parameter "clock_enable_input_a" = "BYPASS"
    Info (12134): Parameter "clock_enable_output_a" = "BYPASS"
    Info (12134): Parameter "init_file" = "mem_dados.mif"
    Info (12134): Parameter "intended_device_family" = "Cyclone II"
    Info (12134): Parameter "lpm_hint" = "ENABLE_RUNTIME_MOD=NO"
    Info (12134): Parameter "lpm_type" = "altsyncram"
    Info (12134): Parameter "numwords_a" = "256"
    Info (12134): Parameter "operation_mode" = "SINGLE_PORT"
    Info (12134): Parameter "outdata_aclr_a" = "NONE"
    Info (12134): Parameter "outdata_reg_a" = "UNREGISTERED"
    Info (12134): Parameter "power_up_uninitialized" = "FALSE"
    Info (12134): Parameter "ram_block_type" = "M4K"
    Info (12134): Parameter "widthad_a" = "8"
    Info (12134): Parameter "width_a" = "16"
    Info (12134): Parameter "width_byteena_a" = "1"
Info (12021): Found 1 design units, including 1 entities, in source file db/altsyncram_u3f1.tdf
    Info (12023): Found entity 1: altsyncram_u3f1
Info (12128): Elaborating entity "altsyncram_u3f1" for hierarchy "memoria:memDado|mem:mem1|altsyncram:altsyncram_component|altsyncram_u3f1:auto_generated"
Info (12128): Elaborating entity "CDBArbiter" for hierarchy "CDBArbiter:CDB"
Info (12128): Elaborating entity "decodificadorComportamental" for hierarchy "decodificadorComportamental:d0"
Warning (14284): Synthesized away the following node(s):
    Warning (14285): Synthesized away the following RAM node(s):
        Warning (14320): Synthesized away node "memoria:memDado|mem:mem1|altsyncram:altsyncram_component|altsyncram_u3f1:auto_generated|q_a[0]"
        Warning (14320): Synthesized away node "memoria:memDado|mem:mem1|altsyncram:altsyncram_component|altsyncram_u3f1:auto_generated|q_a[1]"
        Warning (14320): Synthesized away node "memoria:memDado|mem:mem1|altsyncram:altsyncram_component|altsyncram_u3f1:auto_generated|q_a[2]"
        Warning (14320): Synthesized away node "memoria:memDado|mem:mem1|altsyncram:altsyncram_component|altsyncram_u3f1:auto_generated|q_a[3]"
        Warning (14320): Synthesized away node "memoria:memDado|mem:mem1|altsyncram:altsyncram_component|altsyncram_u3f1:auto_generated|q_a[4]"
        Warning (14320): Synthesized away node "memoria:memDado|mem:mem1|altsyncram:altsyncram_component|altsyncram_u3f1:auto_generated|q_a[5]"
        Warning (14320): Synthesized away node "memoria:memDado|mem:mem1|altsyncram:altsyncram_component|altsyncram_u3f1:auto_generated|q_a[6]"
        Warning (14320): Synthesized away node "memoria:memDado|mem:mem1|altsyncram:altsyncram_component|altsyncram_u3f1:auto_generated|q_a[7]"
        Warning (14320): Synthesized away node "memoria:memDado|mem:mem1|altsyncram:altsyncram_component|altsyncram_u3f1:auto_generated|q_a[8]"
        Warning (14320): Synthesized away node "memoria:memDado|mem:mem1|altsyncram:altsyncram_component|altsyncram_u3f1:auto_generated|q_a[9]"
        Warning (14320): Synthesized away node "memoria:memDado|mem:mem1|altsyncram:altsyncram_component|altsyncram_u3f1:auto_generated|q_a[10]"
        Warning (14320): Synthesized away node "memoria:memDado|mem:mem1|altsyncram:altsyncram_component|altsyncram_u3f1:auto_generated|q_a[11]"
        Warning (14320): Synthesized away node "memoria:memDado|mem:mem1|altsyncram:altsyncram_component|altsyncram_u3f1:auto_generated|q_a[12]"
        Warning (14320): Synthesized away node "memoria:memDado|mem:mem1|altsyncram:altsyncram_component|altsyncram_u3f1:auto_generated|q_a[13]"
        Warning (14320): Synthesized away node "memoria:memDado|mem:mem1|altsyncram:altsyncram_component|altsyncram_u3f1:auto_generated|q_a[14]"
        Warning (14320): Synthesized away node "memoria:memDado|mem:mem1|altsyncram:altsyncram_component|altsyncram_u3f1:auto_generated|q_a[15]"
Warning (12241): 8 hierarchies have connectivity warnings - see the Connectivity Checks report folder
Warning (13024): Output pins are stuck at VCC or GND
    Warning (13410): Pin "HEX0[0]" is stuck at VCC
    Warning (13410): Pin "HEX0[1]" is stuck at GND
    Warning (13410): Pin "HEX0[2]" is stuck at GND
    Warning (13410): Pin "HEX0[3]" is stuck at GND
    Warning (13410): Pin "HEX0[4]" is stuck at GND
    Warning (13410): Pin "HEX0[5]" is stuck at GND
    Warning (13410): Pin "HEX0[6]" is stuck at GND
    Warning (13410): Pin "HEX1[0]" is stuck at VCC
    Warning (13410): Pin "HEX1[1]" is stuck at GND
    Warning (13410): Pin "HEX1[2]" is stuck at GND
    Warning (13410): Pin "HEX1[3]" is stuck at GND
    Warning (13410): Pin "HEX1[4]" is stuck at GND
    Warning (13410): Pin "HEX1[5]" is stuck at GND
    Warning (13410): Pin "HEX1[6]" is stuck at GND
    Warning (13410): Pin "HEX2[0]" is stuck at VCC
    Warning (13410): Pin "HEX2[1]" is stuck at GND
    Warning (13410): Pin "HEX2[2]" is stuck at GND
    Warning (13410): Pin "HEX2[3]" is stuck at GND
    Warning (13410): Pin "HEX2[4]" is stuck at GND
    Warning (13410): Pin "HEX2[5]" is stuck at GND
    Warning (13410): Pin "HEX2[6]" is stuck at GND
    Warning (13410): Pin "HEX3[0]" is stuck at VCC
    Warning (13410): Pin "HEX3[1]" is stuck at GND
    Warning (13410): Pin "HEX3[2]" is stuck at GND
    Warning (13410): Pin "HEX3[3]" is stuck at GND
    Warning (13410): Pin "HEX3[4]" is stuck at GND
    Warning (13410): Pin "HEX3[5]" is stuck at GND
    Warning (13410): Pin "HEX3[6]" is stuck at GND
    Warning (13410): Pin "HEX4[0]" is stuck at VCC
    Warning (13410): Pin "HEX4[1]" is stuck at GND
    Warning (13410): Pin "HEX4[2]" is stuck at GND
    Warning (13410): Pin "HEX4[3]" is stuck at GND
    Warning (13410): Pin "HEX4[4]" is stuck at GND
    Warning (13410): Pin "HEX4[5]" is stuck at GND
    Warning (13410): Pin "HEX4[6]" is stuck at GND
    Warning (13410): Pin "HEX5[0]" is stuck at VCC
    Warning (13410): Pin "HEX5[1]" is stuck at GND
    Warning (13410): Pin "HEX5[2]" is stuck at GND
    Warning (13410): Pin "HEX5[3]" is stuck at GND
    Warning (13410): Pin "HEX5[4]" is stuck at GND
    Warning (13410): Pin "HEX5[5]" is stuck at GND
    Warning (13410): Pin "HEX5[6]" is stuck at GND
    Warning (13410): Pin "HEX6[0]" is stuck at VCC
    Warning (13410): Pin "HEX6[1]" is stuck at GND
    Warning (13410): Pin "HEX6[2]" is stuck at GND
    Warning (13410): Pin "HEX6[3]" is stuck at GND
    Warning (13410): Pin "HEX6[4]" is stuck at GND
    Warning (13410): Pin "HEX6[5]" is stuck at GND
    Warning (13410): Pin "HEX6[6]" is stuck at GND
    Warning (13410): Pin "HEX7[0]" is stuck at VCC
    Warning (13410): Pin "HEX7[1]" is stuck at GND
    Warning (13410): Pin "HEX7[2]" is stuck at GND
    Warning (13410): Pin "HEX7[3]" is stuck at GND
    Warning (13410): Pin "HEX7[4]" is stuck at GND
    Warning (13410): Pin "HEX7[5]" is stuck at GND
    Warning (13410): Pin "HEX7[6]" is stuck at GND
Info (144001): Generated suppressed messages file D:/Faculdade/LAOC II/pratica3/tomasulo/output_files/tomasulo.map.smsg
Info (16010): Generating hard_block partition "hard_block:auto_generated_inst"
    Info (16011): Adding 0 node(s), including 0 DDIO, 0 PLL, 0 transceiver and 0 LCELL
Warning (21074): Design contains 1 input pin(s) that do not drive logic
    Warning (15610): No output dependent on input pin "KEY[0]"
Info (21057): Implemented 57 device resources after synthesis - the final resource count might be different
    Info (21058): Implemented 1 input pins
    Info (21059): Implemented 56 output pins
Info: Quartus II 64-Bit Analysis & Synthesis was successful. 0 errors, 108 warnings
    Info: Peak virtual memory: 4622 megabytes
    Info: Processing ended: Wed Nov 01 11:31:44 2023
    Info: Elapsed time: 00:00:01
    Info: Total CPU time (on all processors): 00:00:01


+------------------------------------------+
; Analysis & Synthesis Suppressed Messages ;
+------------------------------------------+
The suppressed messages can be found in D:/Faculdade/LAOC II/pratica3/tomasulo/output_files/tomasulo.map.smsg.


